c:\users\user\desktop\rec\projects\securegate_drm_solution\drm.security.native\x64\debug\drm.security.native..pch
c:\users\user\desktop\rec\projects\securegate_drm_solution\drm.security.native\x64\debug\vc143.pdb
c:\users\user\desktop\rec\projects\securegate_drm_solution\drm.security.native\x64\debug\vc143.idb
c:\users\user\desktop\rec\projects\securegate_drm_solution\drm.security.native\x64\debug\pch.obj
c:\users\user\desktop\rec\projects\securegate_drm_solution\drm.security.native\x64\debug\utils_exports.obj
c:\users\user\desktop\rec\projects\securegate_drm_solution\drm.security.native\x64\debug\nativelogger.obj
c:\users\user\desktop\rec\projects\securegate_drm_solution\drm.security.native\x64\debug\hardwareid_exports.obj
c:\users\user\desktop\rec\projects\securegate_drm_solution\drm.security.native\x64\debug\fingerprintgen.obj
c:\users\user\desktop\rec\projects\securegate_drm_solution\drm.security.native\x64\debug\dllmain.obj
c:\users\user\desktop\rec\projects\securegate_drm_solution\drm.security.native\x64\debug\crypto_exports.obj
c:\users\user\desktop\rec\projects\securegate_drm_solution\drm.security.native\x64\debug\coreresponse.obj
c:\users\user\desktop\rec\projects\securegate_drm_solution\x64\debug\drm.security.native..dll
c:\users\user\desktop\rec\projects\securegate_drm_solution\x64\debug\drm.security.native..pdb
c:\users\user\desktop\rec\projects\securegate_drm_solution\x64\debug\drm.security.native..lib
c:\users\user\desktop\rec\projects\securegate_drm_solution\x64\debug\drm.security.native..exp
c:\users\user\desktop\rec\projects\securegate_drm_solution\drm.security.native\x64\debug\drm.security.native..ilk
c:\users\user\desktop\rec\projects\securegate_drm_solution\drm.security.native\x64\debug\drm.secu.54725e23.tlog\cl.command.1.tlog
c:\users\user\desktop\rec\projects\securegate_drm_solution\drm.security.native\x64\debug\drm.secu.54725e23.tlog\cl.read.1.tlog
c:\users\user\desktop\rec\projects\securegate_drm_solution\drm.security.native\x64\debug\drm.secu.54725e23.tlog\cl.write.1.tlog
c:\users\user\desktop\rec\projects\securegate_drm_solution\drm.security.native\x64\debug\drm.secu.54725e23.tlog\link.command.1.tlog
c:\users\user\desktop\rec\projects\securegate_drm_solution\drm.security.native\x64\debug\drm.secu.54725e23.tlog\link.read.1.tlog
c:\users\user\desktop\rec\projects\securegate_drm_solution\drm.security.native\x64\debug\drm.secu.54725e23.tlog\link.secondary.1.tlog
c:\users\user\desktop\rec\projects\securegate_drm_solution\drm.security.native\x64\debug\drm.secu.54725e23.tlog\link.write.1.tlog
