c:\users\osama\desktop\graduation projectmy\graduation project\drm.security.native\x64\debug\drm.security.native.pch
c:\users\osama\desktop\graduation projectmy\graduation project\drm.security.native\x64\debug\vc143.pdb
c:\users\osama\desktop\graduation projectmy\graduation project\drm.security.native\x64\debug\vc143.idb
c:\users\osama\desktop\graduation projectmy\graduation project\drm.security.native\x64\debug\pch.obj
c:\users\osama\desktop\graduation projectmy\graduation project\drm.security.native\x64\debug\utils_exports.obj
c:\users\osama\desktop\graduation projectmy\graduation project\drm.security.native\x64\debug\nativelogger.obj
c:\users\osama\desktop\graduation projectmy\graduation project\drm.security.native\x64\debug\hardwareinfo.obj
c:\users\osama\desktop\graduation projectmy\graduation project\drm.security.native\x64\debug\fingerprintgen.obj
c:\users\osama\desktop\graduation projectmy\graduation project\drm.security.native\x64\debug\exports.obj
c:\users\osama\desktop\graduation projectmy\graduation project\drm.security.native\x64\debug\dllmain.obj
c:\users\osama\desktop\graduation projectmy\graduation project\drm.security.native\x64\debug\aes_core.obj
c:\users\osama\desktop\graduation projectmy\graduation project\x64\debug\drm.security.native.dll
c:\users\osama\desktop\graduation projectmy\graduation project\x64\debug\drm.security.native.pdb
c:\users\osama\desktop\graduation projectmy\graduation project\x64\debug\drm.security.native.lib
c:\users\osama\desktop\graduation projectmy\graduation project\x64\debug\drm.security.native.exp
c:\users\osama\desktop\graduation projectmy\graduation project\drm.security.native\x64\debug\drm.security.native.ilk
c:\users\osama\desktop\graduation projectmy\graduation project\drm.security.native\x64\debug\drm.secu.54725e23.tlog\cl.command.1.tlog
c:\users\osama\desktop\graduation projectmy\graduation project\drm.security.native\x64\debug\drm.secu.54725e23.tlog\cl.items.tlog
c:\users\osama\desktop\graduation projectmy\graduation project\drm.security.native\x64\debug\drm.secu.54725e23.tlog\cl.read.1.tlog
c:\users\osama\desktop\graduation projectmy\graduation project\drm.security.native\x64\debug\drm.secu.54725e23.tlog\cl.write.1.tlog
c:\users\osama\desktop\graduation projectmy\graduation project\drm.security.native\x64\debug\drm.secu.54725e23.tlog\link.command.1.tlog
c:\users\osama\desktop\graduation projectmy\graduation project\drm.security.native\x64\debug\drm.secu.54725e23.tlog\link.read.1.tlog
c:\users\osama\desktop\graduation projectmy\graduation project\drm.security.native\x64\debug\drm.secu.54725e23.tlog\link.secondary.1.tlog
c:\users\osama\desktop\graduation projectmy\graduation project\drm.security.native\x64\debug\drm.secu.54725e23.tlog\link.write.1.tlog
