  pch.cpp
  AES_Core.cpp
  DeviceFingerprintExtractor.cpp
C:\Users\Osama\Desktop\Graduation projectmy\Graduation project\DRM.Security.Native\DeviceFingerprintExtractor.cpp(163,10): warning C4200: nonstandard extension used: zero-sized array in struct/union
  (compiling source file '/DeviceFingerprintExtractor.cpp')
      C:\Users\Osama\Desktop\Graduation projectmy\Graduation project\DRM.Security.Native\DeviceFingerprintExtractor.cpp(163,10):
      This member will be ignored by a defaulted constructor or copy/move assignment operator
  
  dllmain.cpp
  Exports.cpp
  FingerprintGen.cpp
  HardwareInfo.cpp
  NativeLogger.cpp
  SecureGateBridge.cpp
  SecurityManager.cpp
  TpmKeyProvider.cpp
  Utils_Exports.cpp
  VmEnvironmentDetector.cpp
C:\Program Files\Microsoft Visual Studio\2022\Professional\VC\Tools\MSVC\14.44.35207\include\xutility(4813,18): warning C4244: '=': conversion from 'wchar_t' to 'char', possible loss of data
  (compiling source file '/VmEnvironmentDetector.cpp')
      C:\Program Files\Microsoft Visual Studio\2022\Professional\VC\Tools\MSVC\14.44.35207\include\xutility(4813,18):
      the template instantiation context (the oldest one first) is
          C:\Users\Osama\Desktop\Graduation projectmy\Graduation project\DRM.Security.Native\VmEnvironmentDetector.cpp(447,101):
          see reference to function template instantiation 'std::basic_string<char,std::char_traits<char>,std::allocator<char>>::basic_string<std::_String_iterator<std::_String_val<std::_Simple_types<_Elem>>>,0>(_Iter,_Iter,const _Alloc &)' being compiled
          with
          [
              _Elem=wchar_t,
              _Iter=std::_String_iterator<std::_String_val<std::_Simple_types<wchar_t>>>,
              _Alloc=std::allocator<char>
          ]
              C:\Users\Osama\Desktop\Graduation projectmy\Graduation project\DRM.Security.Native\VmEnvironmentDetector.cpp(447,88):
              see the first reference to 'std::basic_string<char,std::char_traits<char>,std::allocator<char>>::basic_string' in 'VmEnvironmentDetector::WmiQuery'
          C:\Program Files\Microsoft Visual Studio\2022\Professional\VC\Tools\MSVC\14.44.35207\include\xstring(812,17):
          see reference to function template instantiation 'void std::basic_string<char,std::char_traits<char>,std::allocator<char>>::_Construct_from_iter<wchar_t*,wchar_t*,_Size_type>(_Iter,const _Sent,_Size)' being compiled
          with
          [
              _Size_type=unsigned __int64,
              _Iter=wchar_t *,
              _Sent=wchar_t *,
              _Size=unsigned __int64
          ]
          C:\Program Files\Microsoft Visual Studio\2022\Professional\VC\Tools\MSVC\14.44.35207\include\xstring(968,18):
          see reference to function template instantiation '_OutIt *std::_Copy_n_unchecked4<wchar_t*,_Size,char*>(_InIt,_SizeTy,_OutIt)' being compiled
          with
          [
              _OutIt=char *,
              _Size=unsigned __int64,
              _InIt=wchar_t *,
              _SizeTy=unsigned __int64
          ]
  
  Generating Code...
  HardwareID_Exports.cpp
     Creating library C:\Users\Osama\Desktop\Graduation projectmy\Graduation project\DRM.Security.Native\x64\Debug\DRM.Security.Native.lib and object C:\Users\Osama\Desktop\Graduation projectmy\Graduation project\DRM.Security.Native\x64\Debug\DRM.Security.Native.exp
  DRM.Security.Native.vcxproj -> C:\Users\Osama\Desktop\Graduation projectmy\Graduation project\DRM.Security.Native\x64\Debug\DRM.Security.Native.dll
  C:\Users\Osama\Desktop\Graduation projectmy\Graduation project\DRM.Security.Native\x64\Debug\DRM.Security.Native.dll
  1 File(s) copied
  C:\Users\Osama\Desktop\Graduation projectmy\Graduation project\DRM.Security.Native\x64\Debug\DRM.Security.Native.dll
  1 File(s) copied
  C:\Users\Osama\Desktop\Graduation projectmy\Graduation project\DRM.Security.Native\x64\Debug\DRM.Security.Native.dll
  1 File(s) copied
