c:\users\osama\desktop\graduation projectmy\graduation project\drm.security.native\drm.secu.54725e23\x64\debug\drm.security.native.pch
c:\users\osama\desktop\graduation projectmy\graduation project\drm.security.native\drm.secu.54725e23\x64\debug\vc143.pdb
c:\users\osama\desktop\graduation projectmy\graduation project\drm.security.native\drm.secu.54725e23\x64\debug\vc143.idb
c:\users\osama\desktop\graduation projectmy\graduation project\drm.security.native\drm.secu.54725e23\x64\debug\pch.obj
c:\users\osama\desktop\graduation projectmy\graduation project\drm.security.native\drm.secu.54725e23\x64\debug\vmenvironmentdetector.obj
c:\users\osama\desktop\graduation projectmy\graduation project\drm.security.native\drm.secu.54725e23\x64\debug\utils_exports.obj
c:\users\osama\desktop\graduation projectmy\graduation project\drm.security.native\drm.secu.54725e23\x64\debug\tpmkeyprovider.obj
c:\users\osama\desktop\graduation projectmy\graduation project\drm.security.native\drm.secu.54725e23\x64\debug\securitymanager.obj
c:\users\osama\desktop\graduation projectmy\graduation project\drm.security.native\drm.secu.54725e23\x64\debug\securegatebridge.obj
c:\users\osama\desktop\graduation projectmy\graduation project\drm.security.native\drm.secu.54725e23\x64\debug\nativelogger.obj
c:\users\osama\desktop\graduation projectmy\graduation project\drm.security.native\drm.secu.54725e23\x64\debug\hardwareinfo.obj
c:\users\osama\desktop\graduation projectmy\graduation project\drm.security.native\drm.secu.54725e23\x64\debug\fingerprintgen.obj
c:\users\osama\desktop\graduation projectmy\graduation project\drm.security.native\drm.secu.54725e23\x64\debug\whitebox_exports.obj
c:\users\osama\desktop\graduation projectmy\graduation project\drm.security.native\drm.secu.54725e23\x64\debug\exports.obj
c:\users\osama\desktop\graduation projectmy\graduation project\drm.security.native\drm.secu.54725e23\x64\debug\dllmain.obj
c:\users\osama\desktop\graduation projectmy\graduation project\drm.security.native\drm.secu.54725e23\x64\debug\devicefingerprintextractor.obj
c:\users\osama\desktop\graduation projectmy\graduation project\drm.security.native\drm.secu.54725e23\x64\debug\aes_core.obj
c:\users\osama\desktop\graduation projectmy\graduation project\drm.security.native\drm.secu.54725e23\x64\debug\hardwareid_exports.obj
c:\users\osama\desktop\graduation projectmy\graduation project\drm.security.native\drm.secu.54725e23\x64\debug\drm.secu.54725e23.tlog\cl.command.1.tlog
c:\users\osama\desktop\graduation projectmy\graduation project\drm.security.native\drm.secu.54725e23\x64\debug\drm.secu.54725e23.tlog\cl.read.1.tlog
c:\users\osama\desktop\graduation projectmy\graduation project\drm.security.native\drm.secu.54725e23\x64\debug\drm.secu.54725e23.tlog\cl.write.1.tlog
